<?xml version="1.0" encoding="UTF-8"?>
<!-- Generated by org.testng.reporters.JUnitReportReporter -->
<testsuite hostname="10407-LAP-0146" failures="0" tests="1" name="KalyaniAcademy.tests.SubmitOrderTest" time="31.390" errors="0" timestamp="2023-06-01T18:50:51 IST" skipped="0">
  <testcase classname="KalyaniAcademy.tests.SubmitOrderTest" name="SubmitOrder" time="31.390"/>
  <system-out/>
</testsuite> <!-- KalyaniAcademy.tests.SubmitOrderTest -->
